nov 14, 2025 1:56:58 P. M. ies.sequeros.com.dam.pmdm.administrador.infraestructura.dependientes.DependienteDao getAll
INFORMACIÓN: Ejecutando SQL: select * from DEPENDIENTE | Parametros: 
nov 14, 2025 1:57:03 P. M. ies.sequeros.com.dam.pmdm.administrador.infraestructura.dependientes.DependienteDao getById
INFORMACIÓN: Ejecutando SQL: select * from DEPENDIENTE where id=? | Parametros: [id=c27f8f72-2ff9-45dc-a114-d7f942ee15a4]
nov 14, 2025 1:57:03 P. M. ies.sequeros.com.dam.pmdm.administrador.infraestructura.dependientes.DependienteDao update
INFORMACIÓN: Ejecutando SQL: UPDATE DEPENDIENTE SET name = ?, email = ?, password = ?, image_path = ?, enabled = ?, is_admin = ? WHERE id = ? | Params: [1]=897897lkopokpkopk, [2]=fdsfds@dfdsf, [3]=123456789P, [4]=c27f8f72-2ff9-45dc-a114-d7f942ee15a4.jpg, [5]=false, [6]=true, [7]=c27f8f72-2ff9-45dc-a114-d7f942ee15a4]
nov 14, 2025 1:57:06 P. M. ies.sequeros.com.dam.pmdm.administrador.infraestructura.dependientes.DependienteDao getById
INFORMACIÓN: Ejecutando SQL: select * from DEPENDIENTE where id=? | Parametros: [id=c27f8f72-2ff9-45dc-a114-d7f942ee15a4]
nov 14, 2025 1:57:06 P. M. ies.sequeros.com.dam.pmdm.administrador.infraestructura.dependientes.DependienteDao update
INFORMACIÓN: Ejecutando SQL: UPDATE DEPENDIENTE SET name = ?, email = ?, password = ?, image_path = ?, enabled = ?, is_admin = ? WHERE id = ? | Params: [1]=897897lkopokpkopk, [2]=fdsfds@dfdsf, [3]=123456789P, [4]=c27f8f72-2ff9-45dc-a114-d7f942ee15a4.jpg, [5]=true, [6]=true, [7]=c27f8f72-2ff9-45dc-a114-d7f942ee15a4]
nov 14, 2025 4:13:03 P. M. ies.sequeros.com.dam.pmdm.administrador.infraestructura.dependientes.DependienteDao getAll
INFORMACIÓN: Ejecutando SQL: select * from DEPENDIENTE | Parametros: 
nov 14, 2025 4:13:30 P. M. ies.sequeros.com.dam.pmdm.administrador.infraestructura.dependientes.DependienteDao getAll
INFORMACIÓN: Ejecutando SQL: select * from DEPENDIENTE | Parametros: 
nov 14, 2025 4:28:02 P. M. ies.sequeros.com.dam.pmdm.administrador.infraestructura.dependientes.DependienteDao getAll
INFORMACIÓN: Ejecutando SQL: select * from DEPENDIENTE | Parametros: 
nov 14, 2025 4:29:05 P. M. ies.sequeros.com.dam.pmdm.administrador.infraestructura.dependientes.DependienteDao getById
INFORMACIÓN: Ejecutando SQL: select * from DEPENDIENTE where id=? | Parametros: [id=c27f8f72-2ff9-45dc-a114-d7f942ee15a4]
nov 14, 2025 4:29:05 P. M. ies.sequeros.com.dam.pmdm.administrador.infraestructura.dependientes.DependienteDao update
INFORMACIÓN: Ejecutando SQL: UPDATE DEPENDIENTE SET name = ?, email = ?, password = ?, image_path = ?, enabled = ?, is_admin = ? WHERE id = ? | Params: [1]=897897lkopokpkopk, [2]=fdsfds@dfdsf, [3]=123456789P, [4]=c27f8f72-2ff9-45dc-a114-d7f942ee15a4.jpg, [5]=false, [6]=true, [7]=c27f8f72-2ff9-45dc-a114-d7f942ee15a4]
nov 14, 2025 4:29:08 P. M. ies.sequeros.com.dam.pmdm.administrador.infraestructura.dependientes.DependienteDao getById
INFORMACIÓN: Ejecutando SQL: select * from DEPENDIENTE where id=? | Parametros: [id=c27f8f72-2ff9-45dc-a114-d7f942ee15a4]
nov 14, 2025 4:29:08 P. M. ies.sequeros.com.dam.pmdm.administrador.infraestructura.dependientes.DependienteDao update
INFORMACIÓN: Ejecutando SQL: UPDATE DEPENDIENTE SET name = ?, email = ?, password = ?, image_path = ?, enabled = ?, is_admin = ? WHERE id = ? | Params: [1]=897897lkopokpkopk, [2]=fdsfds@dfdsf, [3]=123456789P, [4]=c27f8f72-2ff9-45dc-a114-d7f942ee15a4.jpg, [5]=false, [6]=false, [7]=c27f8f72-2ff9-45dc-a114-d7f942ee15a4]
nov 14, 2025 4:29:10 P. M. ies.sequeros.com.dam.pmdm.administrador.infraestructura.dependientes.DependienteDao getById
INFORMACIÓN: Ejecutando SQL: select * from DEPENDIENTE where id=? | Parametros: [id=c27f8f72-2ff9-45dc-a114-d7f942ee15a4]
nov 14, 2025 4:29:10 P. M. ies.sequeros.com.dam.pmdm.administrador.infraestructura.dependientes.DependienteDao update
INFORMACIÓN: Ejecutando SQL: UPDATE DEPENDIENTE SET name = ?, email = ?, password = ?, image_path = ?, enabled = ?, is_admin = ? WHERE id = ? | Params: [1]=897897lkopokpkopk, [2]=fdsfds@dfdsf, [3]=123456789P, [4]=c27f8f72-2ff9-45dc-a114-d7f942ee15a4.jpg, [5]=true, [6]=false, [7]=c27f8f72-2ff9-45dc-a114-d7f942ee15a4]
nov 14, 2025 4:29:11 P. M. ies.sequeros.com.dam.pmdm.administrador.infraestructura.dependientes.DependienteDao getById
INFORMACIÓN: Ejecutando SQL: select * from DEPENDIENTE where id=? | Parametros: [id=c27f8f72-2ff9-45dc-a114-d7f942ee15a4]
nov 14, 2025 4:29:11 P. M. ies.sequeros.com.dam.pmdm.administrador.infraestructura.dependientes.DependienteDao update
INFORMACIÓN: Ejecutando SQL: UPDATE DEPENDIENTE SET name = ?, email = ?, password = ?, image_path = ?, enabled = ?, is_admin = ? WHERE id = ? | Params: [1]=897897lkopokpkopk, [2]=fdsfds@dfdsf, [3]=123456789P, [4]=c27f8f72-2ff9-45dc-a114-d7f942ee15a4.jpg, [5]=true, [6]=true, [7]=c27f8f72-2ff9-45dc-a114-d7f942ee15a4]
nov 14, 2025 4:29:12 P. M. ies.sequeros.com.dam.pmdm.administrador.infraestructura.dependientes.DependienteDao getById
INFORMACIÓN: Ejecutando SQL: select * from DEPENDIENTE where id=? | Parametros: [id=c27f8f72-2ff9-45dc-a114-d7f942ee15a4]
nov 14, 2025 4:29:12 P. M. ies.sequeros.com.dam.pmdm.administrador.infraestructura.dependientes.DependienteDao update
INFORMACIÓN: Ejecutando SQL: UPDATE DEPENDIENTE SET name = ?, email = ?, password = ?, image_path = ?, enabled = ?, is_admin = ? WHERE id = ? | Params: [1]=897897lkopokpkopk, [2]=fdsfds@dfdsf, [3]=123456789P, [4]=c27f8f72-2ff9-45dc-a114-d7f942ee15a4.jpg, [5]=true, [6]=false, [7]=c27f8f72-2ff9-45dc-a114-d7f942ee15a4]
nov 14, 2025 4:29:13 P. M. ies.sequeros.com.dam.pmdm.administrador.infraestructura.dependientes.DependienteDao getById
INFORMACIÓN: Ejecutando SQL: select * from DEPENDIENTE where id=? | Parametros: [id=c27f8f72-2ff9-45dc-a114-d7f942ee15a4]
nov 14, 2025 4:29:13 P. M. ies.sequeros.com.dam.pmdm.administrador.infraestructura.dependientes.DependienteDao update
INFORMACIÓN: Ejecutando SQL: UPDATE DEPENDIENTE SET name = ?, email = ?, password = ?, image_path = ?, enabled = ?, is_admin = ? WHERE id = ? | Params: [1]=897897lkopokpkopk, [2]=fdsfds@dfdsf, [3]=123456789P, [4]=c27f8f72-2ff9-45dc-a114-d7f942ee15a4.jpg, [5]=false, [6]=false, [7]=c27f8f72-2ff9-45dc-a114-d7f942ee15a4]
nov 14, 2025 4:29:56 P. M. ies.sequeros.com.dam.pmdm.administrador.infraestructura.dependientes.DependienteDao getAll
INFORMACIÓN: Ejecutando SQL: select * from DEPENDIENTE | Parametros: 
nov 14, 2025 4:30:26 P. M. ies.sequeros.com.dam.pmdm.administrador.infraestructura.dependientes.DependienteDao getAll
INFORMACIÓN: Ejecutando SQL: select * from DEPENDIENTE | Parametros: 
nov 14, 2025 4:30:57 P. M. ies.sequeros.com.dam.pmdm.administrador.infraestructura.dependientes.DependienteDao getById
INFORMACIÓN: Ejecutando SQL: select * from DEPENDIENTE where id=? | Parametros: [id=c27f8f72-2ff9-45dc-a114-d7f942ee15a4]
nov 14, 2025 4:30:57 P. M. ies.sequeros.com.dam.pmdm.administrador.infraestructura.dependientes.DependienteDao update
INFORMACIÓN: Ejecutando SQL: UPDATE DEPENDIENTE SET name = ?, email = ?, password = ?, image_path = ?, enabled = ?, is_admin = ? WHERE id = ? | Params: [1]=897897lkopokpkopk, [2]=fdsfds@dfdsf, [3]=123456789P, [4]=c27f8f72-2ff9-45dc-a114-d7f942ee15a4.jpg, [5]=true, [6]=true, [7]=c27f8f72-2ff9-45dc-a114-d7f942ee15a4]
nov 26, 2025 9:01:53 P. M. ies.sequeros.com.dam.pmdm.administrador.infraestructura.dependientes.DependienteDao getAll
INFORMACIÓN: Ejecutando SQL: select * from DEPENDIENTE | Parametros: 
nov 26, 2025 9:02:35 P. M. ies.sequeros.com.dam.pmdm.administrador.infraestructura.dependientes.DependienteDao insert
GRAVE: null
java.sql.SQLSyntaxErrorException: Unknown column 'name' in 'field list'
	at com.mysql.cj.jdbc.exceptions.SQLError.createSQLException(SQLError.java:121)
	at com.mysql.cj.jdbc.exceptions.SQLExceptionsMapping.translateException(SQLExceptionsMapping.java:122)
	at com.mysql.cj.jdbc.ClientPreparedStatement.executeInternal(ClientPreparedStatement.java:916)
	at com.mysql.cj.jdbc.ClientPreparedStatement.executeUpdateInternal(ClientPreparedStatement.java:1061)
	at com.mysql.cj.jdbc.ClientPreparedStatement.executeUpdateInternal(ClientPreparedStatement.java:1009)
	at com.mysql.cj.jdbc.ClientPreparedStatement.executeLargeUpdate(ClientPreparedStatement.java:1320)
	at com.mysql.cj.jdbc.ClientPreparedStatement.executeUpdate(ClientPreparedStatement.java:994)
	at ies.sequeros.com.dam.pmdm.administrador.infraestructura.dependientes.DependienteDao.insert(DependienteDao.java:178)
	at ies.sequeros.com.dam.pmdm.administrador.infraestructura.dependientes.BBDDRepositorioDependientesJava.add(BBDDRepositorioDependientesJava.java:22)
	at ies.sequeros.com.dam.pmdm.administrador.infraestructura.BBDDDependienteRepository.add(BBDDDependienteRepository.kt:12)
	at ies.sequeros.com.dam.pmdm.administrador.aplicacion.dependientes.crear.CrearDependienteUseCase.invoke(CrearDependienteUseCase.kt:33)
	at ies.sequeros.com.dam.pmdm.administrador.aplicacion.dependientes.crear.CrearDependienteUseCase$invoke$1.invokeSuspend(CrearDependienteUseCase.kt)
	at kotlin.coroutines.jvm.internal.BaseContinuationImpl.resumeWith(ContinuationImpl.kt:34)
	at kotlinx.coroutines.DispatchedTask.run(DispatchedTask.kt:100)
	at java.desktop/java.awt.event.InvocationEvent.dispatch(Unknown Source)
	at java.desktop/java.awt.EventQueue.dispatchEventImpl(Unknown Source)
	at java.desktop/java.awt.EventQueue$4.run(Unknown Source)
	at java.desktop/java.awt.EventQueue$4.run(Unknown Source)
	at java.base/java.security.AccessController.doPrivileged(Unknown Source)
	at java.base/java.security.ProtectionDomain$JavaSecurityAccessImpl.doIntersectionPrivilege(Unknown Source)
	at java.desktop/java.awt.EventQueue.dispatchEvent(Unknown Source)
	at java.desktop/java.awt.EventDispatchThread.pumpOneEventForFilters(Unknown Source)
	at java.desktop/java.awt.EventDispatchThread.pumpEventsForFilter(Unknown Source)
	at java.desktop/java.awt.EventDispatchThread.pumpEventsForHierarchy(Unknown Source)
	at java.desktop/java.awt.EventDispatchThread.pumpEvents(Unknown Source)
	at java.desktop/java.awt.EventDispatchThread.pumpEvents(Unknown Source)
	at java.desktop/java.awt.EventDispatchThread.run(Unknown Source)

nov 26, 2025 9:16:07 P. M. ies.sequeros.com.dam.pmdm.administrador.infraestructura.dependientes.DependienteDao getAll
INFORMACIÓN: Ejecutando SQL: select * from dependiente | Parametros: 
nov 27, 2025 7:45:28 P. M. ies.sequeros.com.dam.pmdm.administrador.infraestructura.dependientes.DependienteDao getAll
INFORMACIÓN: Ejecutando SQL: select * from dependiente | Parametros: 
nov 27, 2025 7:47:07 P. M. ies.sequeros.com.dam.pmdm.administrador.infraestructura.dependientes.DependienteDao insert
GRAVE: null
java.sql.SQLSyntaxErrorException: Unknown column 'image_path' in 'field list'
	at com.mysql.cj.jdbc.exceptions.SQLError.createSQLException(SQLError.java:121)
	at com.mysql.cj.jdbc.exceptions.SQLExceptionsMapping.translateException(SQLExceptionsMapping.java:122)
	at com.mysql.cj.jdbc.ClientPreparedStatement.executeInternal(ClientPreparedStatement.java:916)
	at com.mysql.cj.jdbc.ClientPreparedStatement.executeUpdateInternal(ClientPreparedStatement.java:1061)
	at com.mysql.cj.jdbc.ClientPreparedStatement.executeUpdateInternal(ClientPreparedStatement.java:1009)
	at com.mysql.cj.jdbc.ClientPreparedStatement.executeLargeUpdate(ClientPreparedStatement.java:1320)
	at com.mysql.cj.jdbc.ClientPreparedStatement.executeUpdate(ClientPreparedStatement.java:994)
	at ies.sequeros.com.dam.pmdm.administrador.infraestructura.dependientes.DependienteDao.insert(DependienteDao.java:178)
	at ies.sequeros.com.dam.pmdm.administrador.infraestructura.dependientes.BBDDRepositorioDependientesJava.add(BBDDRepositorioDependientesJava.java:22)
	at ies.sequeros.com.dam.pmdm.administrador.infraestructura.BBDDDependienteRepository.add(BBDDDependienteRepository.kt:12)
	at ies.sequeros.com.dam.pmdm.administrador.aplicacion.dependientes.crear.CrearDependienteUseCase.invoke(CrearDependienteUseCase.kt:33)
	at ies.sequeros.com.dam.pmdm.administrador.aplicacion.dependientes.crear.CrearDependienteUseCase$invoke$1.invokeSuspend(CrearDependienteUseCase.kt)
	at kotlin.coroutines.jvm.internal.BaseContinuationImpl.resumeWith(ContinuationImpl.kt:34)
	at kotlinx.coroutines.DispatchedTask.run(DispatchedTask.kt:100)
	at java.desktop/java.awt.event.InvocationEvent.dispatch(Unknown Source)
	at java.desktop/java.awt.EventQueue.dispatchEventImpl(Unknown Source)
	at java.desktop/java.awt.EventQueue$4.run(Unknown Source)
	at java.desktop/java.awt.EventQueue$4.run(Unknown Source)
	at java.base/java.security.AccessController.doPrivileged(Unknown Source)
	at java.base/java.security.ProtectionDomain$JavaSecurityAccessImpl.doIntersectionPrivilege(Unknown Source)
	at java.desktop/java.awt.EventQueue.dispatchEvent(Unknown Source)
	at java.desktop/java.awt.EventDispatchThread.pumpOneEventForFilters(Unknown Source)
	at java.desktop/java.awt.EventDispatchThread.pumpEventsForFilter(Unknown Source)
	at java.desktop/java.awt.EventDispatchThread.pumpEventsForHierarchy(Unknown Source)
	at java.desktop/java.awt.EventDispatchThread.pumpEvents(Unknown Source)
	at java.desktop/java.awt.EventDispatchThread.pumpEvents(Unknown Source)
	at java.desktop/java.awt.EventDispatchThread.run(Unknown Source)

nov 28, 2025 5:19:19 P. M. ies.sequeros.com.dam.pmdm.administrador.infraestructura.dependientes.DependienteDao getAll
INFORMACIÓN: Ejecutando SQL: select * from dependiente | Parametros: 
dic 02, 2025 10:29:16 A. M. ies.sequeros.com.dam.pmdm.administrador.infraestructura.dependientes.DependienteDao getAll
INFO: Ejecutando SQL: select * from dependiente | Parametros: 
dic 02, 2025 10:30:12 A. M. ies.sequeros.com.dam.pmdm.administrador.infraestructura.dependientes.DependienteDao getById
INFO: Ejecutando SQL: select * from dependiente where id=? | Parametros: [id=c77e5548-e2bc-4c61-8a9d-3d6776e1e922]
dic 02, 2025 10:30:12 A. M. ies.sequeros.com.dam.pmdm.administrador.infraestructura.dependientes.DependienteDao update
INFO: Ejecutando SQL: UPDATE dependiente SET name = ?, email = ?, password = ?, image_path = ?, enabled = ?, is_admin = ? WHERE id = ? | Params: [1]=victormanuel, [2]=victor@gmail.com, [3]=12345678Aa, [4]=c77e5548-e2bc-4c61-8a9d-3d6776e1e922.jpeg, [5]=true, [6]=true, [7]=c77e5548-e2bc-4c61-8a9d-3d6776e1e922]
dic 02, 2025 10:30:13 A. M. ies.sequeros.com.dam.pmdm.administrador.infraestructura.dependientes.DependienteDao getById
INFO: Ejecutando SQL: select * from dependiente where id=? | Parametros: [id=c77e5548-e2bc-4c61-8a9d-3d6776e1e922]
dic 02, 2025 10:30:13 A. M. ies.sequeros.com.dam.pmdm.administrador.infraestructura.dependientes.DependienteDao update
INFO: Ejecutando SQL: UPDATE dependiente SET name = ?, email = ?, password = ?, image_path = ?, enabled = ?, is_admin = ? WHERE id = ? | Params: [1]=victormanuel, [2]=victor@gmail.com, [3]=12345678Aa, [4]=c77e5548-e2bc-4c61-8a9d-3d6776e1e922.jpeg, [5]=true, [6]=false, [7]=c77e5548-e2bc-4c61-8a9d-3d6776e1e922]
dic 02, 2025 10:30:13 A. M. ies.sequeros.com.dam.pmdm.administrador.infraestructura.dependientes.DependienteDao getById
INFO: Ejecutando SQL: select * from dependiente where id=? | Parametros: [id=c77e5548-e2bc-4c61-8a9d-3d6776e1e922]
dic 02, 2025 10:30:13 A. M. ies.sequeros.com.dam.pmdm.administrador.infraestructura.dependientes.DependienteDao update
INFO: Ejecutando SQL: UPDATE dependiente SET name = ?, email = ?, password = ?, image_path = ?, enabled = ?, is_admin = ? WHERE id = ? | Params: [1]=victormanuel, [2]=victor@gmail.com, [3]=12345678Aa, [4]=c77e5548-e2bc-4c61-8a9d-3d6776e1e922.jpeg, [5]=true, [6]=true, [7]=c77e5548-e2bc-4c61-8a9d-3d6776e1e922]
dic 02, 2025 10:30:14 A. M. ies.sequeros.com.dam.pmdm.administrador.infraestructura.dependientes.DependienteDao getById
INFO: Ejecutando SQL: select * from dependiente where id=? | Parametros: [id=c77e5548-e2bc-4c61-8a9d-3d6776e1e922]
dic 02, 2025 10:30:14 A. M. ies.sequeros.com.dam.pmdm.administrador.infraestructura.dependientes.DependienteDao update
INFO: Ejecutando SQL: UPDATE dependiente SET name = ?, email = ?, password = ?, image_path = ?, enabled = ?, is_admin = ? WHERE id = ? | Params: [1]=victormanuel, [2]=victor@gmail.com, [3]=12345678Aa, [4]=c77e5548-e2bc-4c61-8a9d-3d6776e1e922.jpeg, [5]=true, [6]=false, [7]=c77e5548-e2bc-4c61-8a9d-3d6776e1e922]
dic 02, 2025 10:30:14 A. M. ies.sequeros.com.dam.pmdm.administrador.infraestructura.dependientes.DependienteDao getById
INFO: Ejecutando SQL: select * from dependiente where id=? | Parametros: [id=c77e5548-e2bc-4c61-8a9d-3d6776e1e922]
dic 02, 2025 10:30:14 A. M. ies.sequeros.com.dam.pmdm.administrador.infraestructura.dependientes.DependienteDao update
INFO: Ejecutando SQL: UPDATE dependiente SET name = ?, email = ?, password = ?, image_path = ?, enabled = ?, is_admin = ? WHERE id = ? | Params: [1]=victormanuel, [2]=victor@gmail.com, [3]=12345678Aa, [4]=c77e5548-e2bc-4c61-8a9d-3d6776e1e922.jpeg, [5]=true, [6]=true, [7]=c77e5548-e2bc-4c61-8a9d-3d6776e1e922]
dic 05, 2025 3:47:31 P. M. ies.sequeros.com.dam.pmdm.administrador.infraestructura.dependientes.DependienteDao getAll
INFO: Ejecutando SQL: select * from dependiente | Parametros: 
dic 05, 2025 3:47:31 P. M. ies.sequeros.com.dam.pmdm.administrador.infraestructura.productos.ProductoDao getAll
INFO: Ejecutando SQL: select * from producto | Parametros: 
dic 05, 2025 3:47:53 P. M. ies.sequeros.com.dam.pmdm.administrador.infraestructura.dependientes.DependienteDao getAll
INFO: Ejecutando SQL: select * from dependiente | Parametros: 
dic 05, 2025 3:47:53 P. M. ies.sequeros.com.dam.pmdm.administrador.infraestructura.productos.ProductoDao getAll
INFO: Ejecutando SQL: select * from producto | Parametros: 
dic 05, 2025 3:49:31 P. M. ies.sequeros.com.dam.pmdm.administrador.infraestructura.productos.ProductoDao findByName
INFO: Ejecutando SQL: select * from producto where nombre=? | Parametros: [name=platanin]
dic 05, 2025 3:49:31 P. M. ies.sequeros.com.dam.pmdm.administrador.infraestructura.productos.ProductoDao findByName
INFO: Ejecutando SQL: select * from producto where nombre=? | Parametros: [name=platanin]
dic 05, 2025 3:49:32 P. M. ies.sequeros.com.dam.pmdm.administrador.infraestructura.productos.ProductoDao insert
SEVERE: null
java.sql.SQLIntegrityConstraintViolationException: Cannot add or update a child row: a foreign key constraint fails (`vegaburguer`.`producto`, CONSTRAINT `producto_ibfk_1` FOREIGN KEY (`id_categoria`) REFERENCES `categoria` (`id`) ON DELETE CASCADE)
	at com.mysql.cj.jdbc.exceptions.SQLError.createSQLException(SQLError.java:118)
	at com.mysql.cj.jdbc.exceptions.SQLExceptionsMapping.translateException(SQLExceptionsMapping.java:122)
	at com.mysql.cj.jdbc.ClientPreparedStatement.executeInternal(ClientPreparedStatement.java:916)
	at com.mysql.cj.jdbc.ClientPreparedStatement.executeUpdateInternal(ClientPreparedStatement.java:1061)
	at com.mysql.cj.jdbc.ClientPreparedStatement.executeUpdateInternal(ClientPreparedStatement.java:1009)
	at com.mysql.cj.jdbc.ClientPreparedStatement.executeLargeUpdate(ClientPreparedStatement.java:1320)
	at com.mysql.cj.jdbc.ClientPreparedStatement.executeUpdate(ClientPreparedStatement.java:994)
	at ies.sequeros.com.dam.pmdm.administrador.infraestructura.productos.ProductoDao.insert(ProductoDao.java:182)
	at ies.sequeros.com.dam.pmdm.administrador.infraestructura.productos.BBDDRepositorioProductosJava.add(BBDDRepositorioProductosJava.java:23)
	at ies.sequeros.com.dam.pmdm.administrador.infraestructura.BBDDProductoRepository.add(BBDDProductoRepository.kt:11)
	at ies.sequeros.com.dam.pmdm.administrador.aplicacion.productos.crear.CrearProductoUseCase.invoke(CrearProductoUseCase.kt:30)
	at ies.sequeros.com.dam.pmdm.administrador.aplicacion.productos.crear.CrearProductoUseCase$invoke$1.invokeSuspend(CrearProductoUseCase.kt)
	at kotlin.coroutines.jvm.internal.BaseContinuationImpl.resumeWith(ContinuationImpl.kt:34)
	at kotlinx.coroutines.DispatchedTask.run(DispatchedTask.kt:100)
	at java.desktop/java.awt.event.InvocationEvent.dispatch(InvocationEvent.java:318)
	at java.desktop/java.awt.EventQueue.dispatchEventImpl(EventQueue.java:773)
	at java.desktop/java.awt.EventQueue$4.run(EventQueue.java:720)
	at java.desktop/java.awt.EventQueue$4.run(EventQueue.java:714)
	at java.base/java.security.AccessController.doPrivileged(AccessController.java:400)
	at java.base/java.security.ProtectionDomain$JavaSecurityAccessImpl.doIntersectionPrivilege(ProtectionDomain.java:87)
	at java.desktop/java.awt.EventQueue.dispatchEvent(EventQueue.java:742)
	at java.desktop/java.awt.EventDispatchThread.pumpOneEventForFilters(EventDispatchThread.java:203)
	at java.desktop/java.awt.EventDispatchThread.pumpEventsForFilter(EventDispatchThread.java:124)
	at java.desktop/java.awt.EventDispatchThread.pumpEventsForHierarchy(EventDispatchThread.java:113)
	at java.desktop/java.awt.EventDispatchThread.pumpEvents(EventDispatchThread.java:109)
	at java.desktop/java.awt.EventDispatchThread.pumpEvents(EventDispatchThread.java:101)
	at java.desktop/java.awt.EventDispatchThread.run(EventDispatchThread.java:90)

dic 05, 2025 3:49:46 P. M. ies.sequeros.com.dam.pmdm.administrador.infraestructura.dependientes.DependienteDao getAll
INFO: Ejecutando SQL: select * from dependiente | Parametros: 
dic 05, 2025 3:49:46 P. M. ies.sequeros.com.dam.pmdm.administrador.infraestructura.productos.ProductoDao getAll
INFO: Ejecutando SQL: select * from producto | Parametros: 
dic 10, 2025 9:56:24 P. M. ies.sequeros.com.dam.pmdm.administrador.infraestructura.dependientes.DependienteDao getAll
INFO: Ejecutando SQL: select * from dependiente | Parametros: 
dic 10, 2025 9:56:24 P. M. ies.sequeros.com.dam.pmdm.administrador.infraestructura.productos.ProductoDao getAll
INFO: Ejecutando SQL: select * from producto | Parametros: 
dic 10, 2025 10:21:27 P. M. ies.sequeros.com.dam.pmdm.administrador.infraestructura.dependientes.DependienteDao getAll
INFO: Ejecutando SQL: select * from dependiente | Parametros: 
dic 10, 2025 10:21:27 P. M. ies.sequeros.com.dam.pmdm.administrador.infraestructura.productos.ProductoDao getAll
INFO: Ejecutando SQL: select * from producto | Parametros: 
dic 10, 2025 10:21:28 P. M. ies.sequeros.com.dam.pmdm.administrador.infraestructura.pedidos.PedidoDao getAll
INFO: Ejecutando SQL: SELECT * FROM pedido | Parametros: 
dic 10, 2025 11:12:15 P. M. ies.sequeros.com.dam.pmdm.administrador.infraestructura.dependientes.DependienteDao getAll
INFO: Ejecutando SQL: select * from dependiente | Parametros: 
dic 10, 2025 11:12:15 P. M. ies.sequeros.com.dam.pmdm.administrador.infraestructura.productos.ProductoDao getAll
INFO: Ejecutando SQL: select * from producto | Parametros: 
dic 10, 2025 11:12:15 P. M. ies.sequeros.com.dam.pmdm.administrador.infraestructura.pedidos.PedidoDao getAll
INFO: Ejecutando SQL: SELECT * FROM pedido | Parametros: 
